<?xml version="1.0" encoding="UTF-8"?>
<!-- Generated by org.testng.reporters.JUnitReportReporter -->
<testsuite hostname="DESKTOP-I81UH9T" failures="0" tests="2" name="com.selenium.trainingOne.AppTest" time="2.614" errors="0" timestamp="2024-02-02T10:27:22 MYT" skipped="0">
  <testcase classname="com.selenium.trainingOne.AppTest" name="testcase02" time="2.496"/>
  <testcase classname="com.selenium.trainingOne.AppTest" name="testcase01" time="0.118"/>
</testsuite> <!-- com.selenium.trainingOne.AppTest -->
