<?xml version="1.0" encoding="UTF-8"?>
<!-- Generated by org.testng.reporters.JUnitReportReporter -->
<testsuite hostname="DESKTOP-I81UH9T" failures="0" tests="1" name="com.selenium.trainingOne.PDFTest" time="0.151" errors="0" timestamp="2024-02-02T11:57:15 MYT" skipped="0">
  <testcase classname="com.selenium.trainingOne.PDFTest" name="testcase01" time="0.151"/>
</testsuite> <!-- com.selenium.trainingOne.PDFTest -->
